<?xml version="1.0" encoding="UTF-8"?>
<!-- Generated by org.testng.reporters.JUnitReportReporter -->
<testsuite skipped="0" hostname="BG4WS1333" name="JenkinsJava.JJ.TestNGClassTests" tests="4" failures="0" timestamp="23 Jul 2018 05:40:16 GMT" time="0.008" errors="0">
  <testcase name="TestCase01" time="0.006" classname="JenkinsJava.JJ.TestNGClassTests"/>
  <testcase name="TestCase04" time="0.000" classname="JenkinsJava.JJ.TestNGClassTests"/>
  <testcase name="TestCase02" time="0.001" classname="JenkinsJava.JJ.TestNGClassTests"/>
  <testcase name="TestCase03" time="0.001" classname="JenkinsJava.JJ.TestNGClassTests"/>
</testsuite> <!-- JenkinsJava.JJ.TestNGClassTests -->
